Jun 21 10:00:00 INFO ProcessA: Started service
Jun 21 10:01:00 ERROR Unauthorized access attempt detected from IP: 192.168.1.100
Jun 21 10:02:00 INFO ProcessA: Processing request
Jun 21 10:03:00 ERROR Security breach detected in ProcessB
Jun 21 10:04:00 WARN ProcessC: High memory usage
Jun 21 10:05:00 ERROR Unauthorized access attempt detected from IP: 192.168.1.101
Jun 21 10:06:00 INFO ProcessA: Processing request
Jun 21 10:07:00 ERROR Unauthorized access attempt detected from IP: 192.168.1.102
Jun 21 10:08:00 INFO ProcessA: Processing request
Jun 21 10:09:00 ERROR Malware detected in ProcessC
Jun 21 10:10:00 INFO ProcessA: Completed task successfully
Jun 21 10:11:00 ERROR Unauthorized access attempt detected from IP: 192.168.1.103
Jun 21 10:12:00 WARN ProcessC: High memory usage
Jun 21 10:13:00 ERROR Malware detected in ProcessA
Jun 21 10:14:00 ERROR Unauthorized access attempt detected from IP: 192.168.1.104
Jun 21 10:15:00 INFO ProcessA: Processing request
Jun 21 10:16:00 ERROR Unauthorized access attempt detected from IP: 192.168.1.105
Jun 21 10:17:00 WARN ProcessB: Low disk space
Jun 21 10:18:00 ERROR Malware detected in ProcessB
Jun 21 10:19:00 INFO ProcessA: Completed task successfully
Jun 21 10:20:00 ERROR Unauthorized access attempt detected from IP: 192.168.1.106
Jun 21 10:21:00 WARN ProcessC: High memory usage
Jun 21 10:22:00 ERROR Unauthorized access attempt detected from IP: 192.168.1.107
Jun 21 10:23:00 INFO ProcessA: Processing request
Jun 21 10:24:00 ERROR Malware detected in ProcessC
Jun 21 10:25:00 ERROR Unauthorized access attempt detected from IP: 192.168.1.108
Jun 21 10:26:00 INFO ProcessA: Processing request
Jun 21 10:27:00 ERROR Unauthorized access attempt detected from IP: 192.168.1.109
Jun 21 10:28:00 INFO ProcessA: Processing request
Jun 21 10:29:00 ERROR Malware detected in ProcessA
Jun 21 10:30:00 INFO ProcessA: Completed task successfully
Jun 21 10:31:00 ERROR Unauthorized access attempt detected from IP: 192.168.1.110
Jun 21 10:32:00 WARN ProcessC: High memory usage
Jun 21 10:33:00 ERROR Unauthorized access attempt detected from IP: 192.168.1.111
Jun 21 10:34:00 INFO ProcessA: Processing request
Jun 21 10:35:00 ERROR Malware detected in ProcessB
Jun 21 10:36:00 ERROR Unauthorized access attempt detected from IP: 192.168.1.112
Jun 21 10:37:00 WARN ProcessB: Low disk space
Jun 21 10:38:00 ERROR Unauthorized access attempt detected from IP: 192.168.1.113
Jun 21 10:39:00 INFO ProcessA: Completed task successfully
Jun 21 10:40:00 ERROR Unauthorized access attempt detected from IP: 192.168.1.114
Jun 21 10:41:00 WARN ProcessC: High memory usage
Jun 21 10:42:00 ERROR Unauthorized access attempt detected from IP: 192.168.1.115
Jun 21 10:43:00 INFO ProcessA: Processing request
Jun 21 10:44:00 ERROR Malware detected in ProcessC
Jun 21 10:45:00 ERROR Unauthorized access attempt detected from IP: 192.168.1.116
Jun 21 10:46:00 INFO ProcessA: Processing request
Jun 21 10:47:00 ERROR Unauthorized access attempt detected from IP: 192.168.1.117
Jun 21 10:48:00 INFO ProcessA: Processing request
Jun 21 10:49:00 ERROR Malware detected in ProcessA
Jun 21 10:50:00 INFO ProcessA: Completed task successfully
Jun 21 10:51:00 ERROR Unauthorized access attempt detected from IP: 192.168.1.118
Jun 21 10:52:00 WARN ProcessC: High memory usage
Jun 21 10:53:00 ERROR Unauthorized access attempt detected from IP: 192.168.1.119
Jun 21 10:54:00 INFO ProcessA: Processing request
Jun 21 10:55:00 ERROR Malware detected in ProcessB
Jun 21 10:56:00 ERROR Unauthorized access attempt detected from IP: 192.168.1.120
Jun 21 10:57:00 WARN ProcessB: Low disk space
Jun 21 10:58:00 ERROR Unauthorized access attempt detected from IP: 192.168.1.121
Jun 21 10:59:00 INFO ProcessA: Completed task successfully
Jun 21 11:00:00 ERROR Unauthorized access attempt detected from IP: 192.168.1.122
Jun 21 11:01:00 WARN ProcessC: High memory usage
Jun 21 11:02:00 ERROR Unauthorized access attempt detected from IP: 192.168.1.123
Jun 21 11:03:00 INFO ProcessA: Processing request
Jun 21 11:04:00 ERROR Malware detected in ProcessC
Jun 21 11:05:00 ERROR Unauthorized access attempt detected from IP: 192.168.1.124
Jun 21 11:06:00 INFO ProcessA: Processing request
Jun 21 11:07:00 ERROR Unauthorized access attempt detected from IP: 192.168.1.125
Jun 21 11:08:00 INFO ProcessA: Processing request
Jun 21 11:09:00 ERROR Malware detected in ProcessA
Jun 21 11:10:00 INFO ProcessA: Completed task successfully
Jun 21 11:11:00 ERROR Unauthorized access attempt detected from IP: 192.168.1.126
Jun 21 11:12:00 WARN ProcessC: High memory usage
Jun 21 11:13:00 ERROR Unauthorized access attempt detected from IP: 192.168.1.127
Jun 21 11:14:00 INFO ProcessA: Processing request
Jun 21 11:15:00 ERROR Malware detected in ProcessB
Jun 21 11:16:00 ERROR Unauthorized access attempt detected from IP: 192.168.1.128
Jun 21 11:17:00 WARN ProcessB: Low disk space
Jun 21 11:18:00 ERROR Unauthorized access attempt detected from IP: 192.168.1.129
Jun 21 11:19:00 INFO ProcessA: Completed task successfully
Jun 21 11:20:00 ERROR Unauthorized access attempt detected from IP: 192.168.1.130
Jun 21 11:21:00 WARN ProcessC: High memory usage
Jun 21 11:22:00 ERROR Unauthorized access attempt detected from IP: 192.168.1.131
Jun 21 11:23:00 INFO ProcessA: Processing request
Jun 21 11:24:00 ERROR Malware detected in ProcessC
Jun 21 11:25:00 ERROR Unauthorized access attempt detected from IP: 192.168.1.132
Jun 21 11:26:00 INFO ProcessA: Processing request
Jun 21 11:27:00 ERROR Unauthorized access attempt detected from IP: 192.168.1.133
Jun 21 11:28:00 INFO ProcessA: Processing request
Jun 21 11:29:00 ERROR Malware detected in ProcessA
Jun 21 11:30:00 INFO ProcessA: Completed task successfully





Jun 21 10:00:00 INFO ProcessA: Started service
Jun 21 10:01:00 DEBUG ProcessB: Received request
Jun 21 10:02:00 INFO ProcessA: Completed task successfully
Jun 21 10:03:00 DEBUG ProcessC: Handled incoming data
Jun 21 10:04:00 INFO ProcessB: Processed batch 1
Jun 21 10:05:00 DEBUG ProcessA: Received signal
Jun 21 10:06:00 INFO ProcessC: Sent response to client
Jun 21 10:07:00 DEBUG ProcessA: Resumed processing
Jun 21 10:08:00 INFO ProcessB: Saved data to database
Jun 21 10:09:00 DEBUG ProcessC: Processing complete
Jun 21 10:10:00 INFO ProcessA: Stopped service
Jun 21 10:11:00 DEBUG ProcessB: Retrieved configuration
Jun 21 10:12:00 INFO ProcessC: Sent notification email
Jun 21 10:13:00 DEBUG ProcessA: Parsing input file
Jun 21 10:14:00 INFO ProcessB: Initialized system components
Jun 21 10:15:00 DEBUG ProcessC: Data validation complete
Jun 21 10:16:00 INFO ProcessA: Started batch processing
Jun 21 10:17:00 DEBUG ProcessB: Handled user request
Jun 21 10:18:00 INFO ProcessC: Updated customer records
Jun 21 10:19:00 DEBUG ProcessA: Backup process initiated
Jun 21 10:20:00 INFO ProcessB: Network connection established
Jun 21 10:21:00 DEBUG ProcessC: Analyzed performance metrics
Jun 21 10:22:00 INFO ProcessA: Processed data file
Jun 21 10:23:00 DEBUG ProcessB: Scheduled task completed
Jun 21 10:24:00 INFO ProcessC: Cleaned up temporary files
Jun 21 10:25:00 DEBUG ProcessA: Service restart requested
Jun 21 10:26:00 INFO ProcessB: Database backup completed
Jun 21 10:27:00 DEBUG ProcessC: Sent log files to central server
Jun 21 10:28:00 INFO ProcessA: Received external data feed
Jun 21 10:29:00 DEBUG ProcessB: Analyzed security logs
Jun 21 10:30:00 INFO ProcessC: Resolved customer support ticket
Jun 21 10:31:00 DEBUG ProcessA: Configured new system settings
Jun 21 10:32:00 INFO ProcessB: Loaded application plugins
Jun 21 10:33:00 DEBUG ProcessC: Detected performance degradation
Jun 21 10:34:00 INFO ProcessA: Processed payment transactions
Jun 21 10:35:00 DEBUG ProcessB: Executed automated tests
Jun 21 10:36:00 INFO ProcessC: Updated inventory database
Jun 21 10:37:00 DEBUG ProcessA: Resolved user login issue
Jun 21 10:38:00 INFO ProcessB: Server maintenance in progress
Jun 21 10:39:00 DEBUG ProcessC: Checked disk usage statistics
Jun 21 10:40:00 INFO ProcessA: Service uptime report generated
Jun 21 10:41:00 DEBUG ProcessB: Analyzed error logs
Jun 21 10:42:00 INFO ProcessC: Sent status update to management
Jun 21 10:43:00 DEBUG ProcessA: Debugged network connection issue
Jun 21 10:44:00 INFO ProcessB: Applied software updates
Jun 21 10:45:00 DEBUG ProcessC: Optimized database queries
Jun 21 10:46:00 INFO ProcessA: Processed batch job
Jun 21 10:47:00 DEBUG ProcessB: Investigated performance issue
Jun 21 10:48:00 INFO ProcessC: Prepared monthly report
Jun 21 10:49:00 DEBUG ProcessA: Verified data integrity
Jun 21 10:50:00 INFO ProcessB: Monitored system logs
Jun 21 10:51:00 DEBUG ProcessC: Evaluated system security
Jun 21 10:52:00 INFO ProcessA: Executed scheduled tasks
Jun 21 10:53:00 DEBUG ProcessB: Tracked user activity
Jun 21 10:54:00 INFO ProcessC: Deployed new software version
Jun 21 10:55:00 DEBUG ProcessA: Debugged application error
Jun 21 10:56:00 INFO ProcessB: Audited file access
Jun 21 10:57:00 DEBUG ProcessC: Investigated network intrusion
Jun 21 10:58:00 INFO ProcessA: Updated documentation
Jun 21 10:59:00 DEBUG ProcessB: Checked server health
Jun 21 11:00:00 INFO ProcessC: Conducted system backup
Jun 21 11:01:00 DEBUG ProcessA: Analyzed system performance
Jun 21 11:02:00 INFO ProcessB: Implemented security patch
Jun 21 11:03:00 DEBUG ProcessC: Reviewed system logs
Jun 21 11:04:00 INFO ProcessA: Handled customer support call
Jun 21 11:05:00 DEBUG ProcessB: Tested disaster recovery plan
Jun 21 11:06:00 INFO ProcessC: Updated user permissions
Jun 21 11:07:00 DEBUG ProcessA: Generated analytics report
Jun 21 11:08:00 INFO ProcessB: Resolved network issue
Jun 21 11:09:00 DEBUG ProcessC: Monitored application performance
Jun 21 11:10:00 INFO ProcessA: Processed billing transactions
Jun 21 11:11:00 DEBUG ProcessB: Configured firewall rules
Jun 21 11:12:00 INFO ProcessC: Conducted software upgrade
Jun 21 11:13:00 DEBUG ProcessA: Investigated server error
Jun 21 11:14:00 INFO ProcessB: Analyzed security logs
Jun 21 11:15:00 DEBUG ProcessC: Debugged application issue
Jun 21 11:16:00 INFO ProcessA: Sent status report to management
Jun 21 11:17:00 DEBUG ProcessB: Implemented data encryption
Jun 21 11:18:00 INFO ProcessC: Scheduled maintenance window
Jun 21 11:19:00 DEBUG ProcessA: Verified backup integrity
Jun 21 11:20:00 INFO ProcessB: Configured network settings
Jun 21 11:21:00 DEBUG ProcessC: Analyzed system performance
Jun 21 11:22:00 INFO ProcessA: Processed customer orders
Jun 21 11:23:00 DEBUG ProcessB: Tested application reliability
Jun 21 11:24:00 INFO ProcessC: Deployed application update
Jun 21 11:25:00 DEBUG ProcessA: Investigated database issue
Jun 21 11:26:00 INFO ProcessB: Monitored server uptime
Jun 21 11:27:00 DEBUG ProcessC: Verified user access
Jun 21 11:28:00 INFO ProcessA: Executed system backup
Jun 21 11:29:00 DEBUG ProcessB: Reviewed audit logs
Jun 21 11:30:00 INFO ProcessC: Updated software licenses
Jun 21 11:31:00 DEBUG ProcessA: Analyzed network traffic
Jun 21 11:32:00 INFO ProcessB: Configured server security
Jun 21 11:33:00 DEBUG ProcessC: Investigated security incident
Jun 21 11:34:00 INFO ProcessA: Handled customer complaints
Jun 21 11:35:00 DEBUG ProcessB: Applied system updates
Jun 21 11:36:00 INFO ProcessC: Generated performance report
Jun 21 11:37:00 DEBUG ProcessA: Conducted system audit
Jun 21 11:38:00 INFO ProcessB: Optimized database performance
Jun 21 11:39:00 DEBUG ProcessC: Tested backup restore
Jun 21 11:40:00 INFO ProcessA: Updated server configurations
Jun 21 11:41:00 DEBUG ProcessB: Investigated service outage
Jun 21 11:42:00 INFO ProcessC: Audited user permissions
Jun 21 11:43:00 DEBUG ProcessA: Analyzed application logs
Jun 21 11:44:00 INFO ProcessB: Configured network firewall
Jun 21 11:45:00 DEBUG ProcessC: Reviewed security policy
Jun 21 11:46:00 INFO ProcessA: Monitored system performance
Jun 21 11:47:00 DEBUG ProcessB: Detected unauthorized access
Jun 21 11:48:00 INFO ProcessC: Verified data integrity
Jun 21 11:49:00 DEBUG ProcessA: Handled system maintenance
Jun 21 11:50:00 INFO ProcessB: Applied software patches
Jun 21 11:51:00 DEBUG ProcessC: Investigated malware infection
Jun 21 11:52:00 INFO ProcessA: Processed financial transactions
Jun 21 11:53:00 DEBUG ProcessB: Reviewed server logs
Jun 
Jun 21 10:00:00 INFO ProcessA: Started service
Jun 21 10:01:00 ERROR Unauthorized access attempt detected from IP: 192.168.1.100
Jun 21 10:02:00 INFO ProcessA: Processing request
Jun 21 10:03:00 ERROR Security breach detected in ProcessB
Jun 21 10:04:00 INFO ProcessA: Service operating normally
Jun 21 10:05:00 WARN Multiple failed login attempts detected
Jun 21 10:06:00 INFO ProcessB: Received request from user
Jun 21 10:07:00 ERROR Data exfiltration attempt detected from IP: 192.168.1.101
Jun 21 10:08:00 INFO ProcessC: Completed task successfully
Jun 21 10:09:00 ERROR Unauthorized access detected on admin account
Jun 21 10:10:00 INFO ProcessA: Resuming normal operations
Jun 21 10:11:00 ERROR Malware detected in ProcessD
Jun 21 10:12:00 WARN Suspicious network activity detected
Jun 21 10:13:00 INFO ProcessB: Completed user request
Jun 21 10:14:00 ERROR Unauthorized access attempt detected from IP: 192.168.1.102
Jun 21 10:15:00 INFO ProcessC: Sent response to client
Jun 21 10:16:00 ERROR Security breach detected in ProcessE
Jun 21 10:17:00 WARN Multiple failed login attempts detected
Jun 21 10:18:00 INFO ProcessA: Service operating normally
Jun 21 10:19:00 ERROR Data exfiltration attempt detected from IP: 192.168.1.103
Jun 21 10:20:00 INFO ProcessB: Received request from user
Jun 21 10:21:00 ERROR Unauthorized access detected on admin account
Jun 21 10:22:00 INFO ProcessC: Completed task successfully
Jun 21 10:23:00 ERROR Malware detected in ProcessF
Jun 21 10:24:00 WARN Suspicious network activity detected
Jun 21 10:25:00 INFO ProcessA: Processing request
Jun 21 10:26:00 ERROR Unauthorized access attempt detected from IP: 192.168.1.104
Jun 21 10:27:00 INFO ProcessB: Completed user request
Jun 21 10:28:00 ERROR Security breach detected in ProcessG
Jun 21 10:29:00 WARN Multiple failed login attempts detected
Jun 21 10:30:00 INFO ProcessC: Sent response to client
Jun 21 10:31:00 ERROR Data exfiltration attempt detected from IP: 192.168.1.105
Jun 21 10:32:00 INFO ProcessA: Resuming normal operations
Jun 21 10:33:00 ERROR Unauthorized access detected on admin account
Jun 21 10:34:00 INFO ProcessB: Completed task successfully
Jun 21 10:35:00 ERROR Malware detected in ProcessH
Jun 21 10:36:00 WARN Suspicious network activity detected
Jun 21 10:37:00 INFO ProcessA: Processing request
Jun 21 10:38:00 ERROR Unauthorized access attempt detected from IP: 192.168.1.106
Jun 21 10:39:00 INFO ProcessB: Completed user request
Jun 21 10:40:00 ERROR Security breach detected in ProcessI
Jun 21 10:41:00 WARN Multiple failed login attempts detected
Jun 21 10:42:00 INFO ProcessC: Sent response to client
Jun 21 10:43:00 ERROR Data exfiltration attempt detected from IP: 192.168.1.107
Jun 21 10:44:00 INFO ProcessA: Resuming normal operations
Jun 21 10:45:00 ERROR Unauthorized access detected on admin account
Jun 21 10:46:00 INFO ProcessB: Completed task successfully
Jun 21 10:47:00 ERROR Malware detected in ProcessJ
Jun 21 10:48:00 WARN Suspicious network activity detected
Jun 21 10:49:00 INFO ProcessA: Processing request
Jun 21 10:50:00 ERROR Unauthorized access attempt detected from IP: 192.168.1.108
Jun 21 10:51:00 INFO ProcessB: Completed user request
Jun 21 10:52:00 ERROR Security breach detected in ProcessK
Jun 21 10:53:00 WARN Multiple failed login attempts detected
Jun 21 10:54:00 INFO ProcessC: Sent response to client
Jun 21 10:55:00 ERROR Data exfiltration attempt detected from IP: 192.168.1.109
Jun 21 10:56:00 INFO ProcessA: Resuming normal operations
Jun 21 10:57:00 ERROR Unauthorized access detected on admin account
Jun 21 10:58:00 INFO ProcessB: Completed task successfully
Jun 21 10:59:00 ERROR Malware detected in ProcessL
Jun 21 11:00:00 WARN Suspicious network activity detected
Jun 21 11:01:00 INFO ProcessA: Processing request
Jun 21 11:02:00 ERROR Unauthorized access attempt detected from IP: 192.168.1.110
Jun 21 11:03:00 INFO ProcessB: Completed user request
Jun 21 11:04:00 ERROR Security breach detected in ProcessM
Jun 21 11:05:00 WARN Multiple failed login attempts detected
Jun 21 11:06:00 INFO ProcessC: Sent response to client
Jun 21 11:07:00 ERROR Data exfiltration attempt detected from IP: 192.168.1.111
Jun 21 11:08:00 INFO ProcessA: Resuming normal operations
Jun 21 11:09:00 ERROR Unauthorized access detected on admin account
Jun 21 11:10:00 INFO ProcessB: Completed task successfully
Jun 21 11:11:00 ERROR Malware detected in ProcessN
Jun 21 11:12:00 WARN Suspicious network activity detected
Jun 21 11:13:00 INFO ProcessA: Processing request
Jun 21 11:14:00 ERROR Unauthorized access attempt detected from IP: 192.168.1.112
Jun 21 11:15:00 INFO ProcessB: Completed user request
Jun 21 11:16:00 ERROR Security breach detected in ProcessO
Jun 21 11:17:00 WARN Multiple failed login attempts detected
Jun 21 11:18:00 INFO ProcessC: Sent response to client
Jun 21 11:19:00 ERROR Data exfiltration attempt detected from IP: 192.168.1.113
Jun 21 11:20:00 INFO ProcessA: Resuming normal operations
Jun 21 11:21:00 ERROR Unauthorized access detected on admin account
Jun 21 11:22:00 INFO ProcessB: Completed task successfully
Jun 21 11:23:00 ERROR Malware detected in ProcessP
Jun 21 11:24:00 WARN Suspicious network activity detected
Jun 21 11:25:00 INFO ProcessA: Processing request
Jun 21 11:26:00 ERROR Unauthorized access attempt detected from IP: 192.168.1.114
Jun 21 11:27:00 INFO ProcessB: Completed user request
Jun 21 11:28:00 ERROR Security breach detected in ProcessQ
Jun 21 11:29:00 WARN Multiple failed login attempts detected
Jun 21 11:30:00 INFO ProcessC: Sent response to client
Jun 21 11:31:00 ERROR Data exfiltration attempt detected from IP: 192.168.1.115
Jun 21 11:32:00 INFO ProcessA: Resuming normal operations
Jun 21 11:33:00 ERROR Unauthorized access detected on admin account
Jun 21 11:34:00 INFO ProcessB: Completed task successfully
Jun 21 11:35:00 ERROR Malware detected in ProcessR
Jun 21 11:36:00 WARN Suspicious network activity detected
Jun 21 11:37:00 INFO ProcessA: Processing request
Jun 21 11:38:00 ERROR Unauthorized access attempt detected from IP: 192.168.1.116
Jun 21 11:39:00 INFO ProcessB: Completed user request
Jun 21 11:40:00 ERROR Security breach detected in ProcessS
Jun 21 11:41:00 WARN Multiple failed login attempts detected
Jun 21 11:42:00 INFO ProcessC: Sent response to client
Jun 21 11:43:00 ERROR Data exfiltration attempt detected from IP: 192.168.1.117
Jun 21 11:44:00 INFO ProcessA: Resuming normal operations
Jun 21 11:45:00 ERROR Unauthorized access detected on admin account
Jun 21 11:46:00 INFO ProcessB: Completed task successfully
Jun 21 11:47:00 ERROR Malware detected in ProcessT
Jun 21 11:48:00



